<?xml version="1.0" encoding="UTF-8"?>
<testng-results skipped="0" failed="0" ignored="0" total="1" passed="1">
  <reporter-output>
  </reporter-output>
  <suite name="Default suite" duration-ms="52" started-at="2020-02-19T19:37:50Z" finished-at="2020-02-19T19:37:51Z">
    <groups>
    </groups>
    <test name="Default test" duration-ms="52" started-at="2020-02-19T19:37:50Z" finished-at="2020-02-19T19:37:51Z">
      <class name="com.Maven.MyMaven3.Testing1">
        <test-method status="PASS" signature="test1()[pri:0, instance:com.Maven.MyMaven3.Testing1@4667ae56]" name="test1" duration-ms="18" started-at="2020-02-19T19:37:50Z" finished-at="2020-02-19T19:37:51Z">
          <reporter-output>
          </reporter-output>
        </test-method> <!-- test1 -->
      </class> <!-- com.Maven.MyMaven3.Testing1 -->
    </test> <!-- Default test -->
  </suite> <!-- Default suite -->
</testng-results>
